Using pre-set license
Built from '2020.3/staging' branch; Version is '2020.3.14f1 (d0d1bb862f9d) revision 13685179'; Using compiler version '192528614'; Build Type 'Release'
OS: 'Windows 10 Education; OS build 19042.1288; Version 2009; 64bit' Language: 'en' Physical Memory: 16180 MB
BatchMode: 1, IsHumanControllingUs: 0, StartBugReporterOnCrash: 0, Is64bit: 1, IsPro: 0

 COMMAND LINE ARGUMENTS:
C:\Program Files\Unity\Editor\Unity.exe
-adb2
-batchMode
-noUpm
-name
AssetImportWorker0
-projectPath
C:/Users/w0434533/OneDrive - Nova Scotia Community College/LevelDesign/Materials Assignment
-logFile
Logs/AssetImportWorker0.log
-srvPort
53801
Successfully changed project path to: C:/Users/w0434533/OneDrive - Nova Scotia Community College/LevelDesign/Materials Assignment
C:/Users/w0434533/OneDrive - Nova Scotia Community College/LevelDesign/Materials Assignment
Using Asset Import Pipeline V2.
Refreshing native plugins compatible for Editor in 27.11 ms, found 2 plugins.
Preloading 0 native plugins for Editor in 0.00 ms.
Initialize engine version: 2020.3.14f1 (d0d1bb862f9d)
[Subsystems] Discovering subsystems at path C:/Program Files/Unity/Editor/Data/Resources/UnitySubsystems
[Subsystems] Discovering subsystems at path C:/Users/w0434533/OneDrive - Nova Scotia Community College/LevelDesign/Materials Assignment/Assets
GfxDevice: creating device client; threaded=0
Direct3D:
    Version:  Direct3D 11.0 [level 11.0]
    Renderer: NVIDIA Quadro K2200 (ID=0x13ba)
    Vendor:   
    VRAM:     4053 MB
    Driver:   27.21.14.6192
Initialize mono
Mono path[0] = 'C:/Program Files/Unity/Editor/Data/Managed'
Mono path[1] = 'C:/Program Files/Unity/Editor/Data/MonoBleedingEdge/lib/mono/unityjit'
Mono config path = 'C:/Program Files/Unity/Editor/Data/MonoBleedingEdge/etc'
Using monoOptions --debugger-agent=transport=dt_socket,embedding=1,server=y,suspend=n,address=127.0.0.1:56688
Begin MonoManager ReloadAssembly
Registering precompiled unity dll's ...
Register platform support module: C:/Program Files/Unity/Editor/Data/PlaybackEngines/WindowsStandaloneSupport/UnityEditor.WindowsStandalone.Extensions.dll
Registered in 0.002023 seconds.
Native extension for WindowsStandalone target not found
Refreshing native plugins compatible for Editor in 25.65 ms, found 2 plugins.
Preloading 0 native plugins for Editor in 0.00 ms.
Mono: successfully reloaded assembly
- Completed reload, in  1.054 seconds
Domain Reload Profiling:
	ReloadAssembly (1054ms)
		BeginReloadAssembly (53ms)
			ExecutionOrderSort (0ms)
			DisableScriptedObjects (0ms)
			BackupInstance (0ms)
			ReleaseScriptingObjects (0ms)
			CreateAndSetChildDomain (1ms)
		EndReloadAssembly (410ms)
			LoadAssemblies (51ms)
			RebuildTransferFunctionScriptingTraits (0ms)
			SetupTypeCache (155ms)
			ReleaseScriptCaches (0ms)
			RebuildScriptCaches (33ms)
			SetupLoadedEditorAssemblies (152ms)
				LogAssemblyErrors (0ms)
				InitializePlatformSupportModulesInManaged (4ms)
				SetLoadedEditorAssemblies (0ms)
				RefreshPlugins (26ms)
				BeforeProcessingInitializeOnLoad (14ms)
				ProcessInitializeOnLoadAttributes (81ms)
				ProcessInitializeOnLoadMethodAttributes (27ms)
				AfterProcessingInitializeOnLoad (0ms)
				EditorAssembliesLoaded (0ms)
			ExecutionOrderSort2 (0ms)
			AwakeInstancesAfterBackupRestoration (0ms)
Platform modules already initialized, skipping
Registering precompiled user dll's ...
Registered in 0.004092 seconds.
Begin MonoManager ReloadAssembly
Native extension for WindowsStandalone target not found
Refreshing native plugins compatible for Editor in 0.28 ms, found 2 plugins.
Preloading 0 native plugins for Editor in 0.00 ms.
Mono: successfully reloaded assembly
- Completed reload, in  1.033 seconds
Domain Reload Profiling:
	ReloadAssembly (1034ms)
		BeginReloadAssembly (148ms)
			ExecutionOrderSort (0ms)
			DisableScriptedObjects (5ms)
			BackupInstance (0ms)
			ReleaseScriptingObjects (0ms)
			CreateAndSetChildDomain (17ms)
		EndReloadAssembly (809ms)
			LoadAssemblies (86ms)
			RebuildTransferFunctionScriptingTraits (0ms)
			SetupTypeCache (276ms)
			ReleaseScriptCaches (0ms)
			RebuildScriptCaches (40ms)
			SetupLoadedEditorAssemblies (315ms)
				LogAssemblyErrors (0ms)
				InitializePlatformSupportModulesInManaged (5ms)
				SetLoadedEditorAssemblies (0ms)
				RefreshPlugins (0ms)
				BeforeProcessingInitializeOnLoad (91ms)
				ProcessInitializeOnLoadAttributes (205ms)
				ProcessInitializeOnLoadMethodAttributes (5ms)
				AfterProcessingInitializeOnLoad (8ms)
				EditorAssembliesLoaded (0ms)
			ExecutionOrderSort2 (0ms)
			AwakeInstancesAfterBackupRestoration (8ms)
Platform modules already initialized, skipping
========================================================================
Worker process is ready to serve import requests
Launched and connected shader compiler UnityShaderCompiler.exe after 0.04 seconds
Refreshing native plugins compatible for Editor in 0.29 ms, found 2 plugins.
Preloading 0 native plugins for Editor in 0.00 ms.
Unloading 1390 Unused Serialized files (Serialized files now loaded: 0)
System memory in use before: 65.3 MB.
System memory in use after: 65.3 MB.

Unloading 19 unused Assets to reduce memory usage. Loaded Objects now: 1823.
Total: 2.367300 ms (FindLiveObjects: 0.152400 ms CreateObjectMapping: 0.042200 ms MarkObjects: 2.088600 ms  DeleteObjects: 0.082900 ms)

AssetImportParameters requested are different than current active one (requested -> active):
  custom:framework-win-MediaFoundation: 216162199b28c13a410421893ffa2e32 -> 
  custom:video-decoder-ogg-theora: a1e56fd34408186e4bbccfd4996cb3dc -> 
  custom:container-muxer-webm: aa71ff27fc2769a1b78a27578f13a17b -> 
  custom:container-demuxer-webm: 4f35f7cbe854078d1ac9338744f61a02 -> 
  custom:container-demuxer-ogg: 62fdf1f143b41e24485cea50d1cbac27 -> 
  custom:video-encoder-webm-vp8: eb34c28f22e8b96e1ab97ce403110664 -> 
  custom:video-decoder-webm-vp8: 9c59270c3fd7afecdb556c50c9e8de78 -> 
  custom:audio-decoder-ogg-vorbis: bf7c407c2cedff20999df2af8eb42d56 -> 
  custom:audio-encoder-webm-vorbis: bf7c407c2cedff20999df2af8eb42d56 -> 
========================================================================
Received Import Request.
  path: Assets/Materials
  artifactKey: Guid(621df0228f7ebf54a951a63f52d9c8ff) Importer(815301076,1909f56bfc062723c751e8b465ee728b)
Start importing Assets/Materials using Guid(621df0228f7ebf54a951a63f52d9c8ff) Importer(815301076,1909f56bfc062723c751e8b465ee728b)  -> (artifact id: '2dc16fe2752f7b372a05c0a0542b6e39') in 0.013510 seconds 
  Import took 0.016288 seconds .

========================================================================
Received Import Request.
  Time since last request: 309.213824 seconds.
  path: Assets/Materials/Cube mat.mat
  artifactKey: Guid(2a3e12653b5945946b191b563d28d51d) Importer(815301076,1909f56bfc062723c751e8b465ee728b)
Start importing Assets/Materials/Cube mat.mat using Guid(2a3e12653b5945946b191b563d28d51d) Importer(815301076,1909f56bfc062723c751e8b465ee728b)  -> (artifact id: '79e477bfd7d5bd25f45fe98868d44713') in 0.163676 seconds 
  Import took 0.167381 seconds .

========================================================================
Received Import Request.
  Time since last request: 49.328252 seconds.
  path: Assets/Materials/Sphere mat.mat
  artifactKey: Guid(f0eeec1212152cc459405475f0fead42) Importer(815301076,1909f56bfc062723c751e8b465ee728b)
Start importing Assets/Materials/Sphere mat.mat using Guid(f0eeec1212152cc459405475f0fead42) Importer(815301076,1909f56bfc062723c751e8b465ee728b)  -> (artifact id: 'cca13c5db41aa8fb25d091bd8e8d0e30') in 0.034111 seconds 
  Import took 0.039846 seconds .

========================================================================
Received Import Request.
  Time since last request: 374.353101 seconds.
  path: Assets/Materials/New Material.mat
  artifactKey: Guid(b64757408dc54a14ab3cc83d540faf65) Importer(815301076,1909f56bfc062723c751e8b465ee728b)
Start importing Assets/Materials/New Material.mat using Guid(b64757408dc54a14ab3cc83d540faf65) Importer(815301076,1909f56bfc062723c751e8b465ee728b)  -> (artifact id: '1bcd511b83642005a618f964fb59d6bc') in 0.022107 seconds 
  Import took 0.026227 seconds .

========================================================================
Received Import Request.
  Time since last request: 100.004031 seconds.
  path: Assets/Materials/cylinder mat.mat
  artifactKey: Guid(b64757408dc54a14ab3cc83d540faf65) Importer(815301076,1909f56bfc062723c751e8b465ee728b)
Start importing Assets/Materials/cylinder mat.mat using Guid(b64757408dc54a14ab3cc83d540faf65) Importer(815301076,1909f56bfc062723c751e8b465ee728b)  -> (artifact id: 'cbf5be3d5b56051650f2a3d1be9a694b') in 0.019484 seconds 
  Import took 0.022627 seconds .

========================================================================
Received Import Request.
  Time since last request: 56.473037 seconds.
  path: Assets/Texture
  artifactKey: Guid(206e44c51c84f0a42bf563669b68e779) Importer(815301076,1909f56bfc062723c751e8b465ee728b)
Start importing Assets/Texture using Guid(206e44c51c84f0a42bf563669b68e779) Importer(815301076,1909f56bfc062723c751e8b465ee728b)  -> (artifact id: '25c41410a8a422e4893ee882ab1a3239') in 0.012395 seconds 
  Import took 0.022991 seconds .

========================================================================
Received Import Request.
  Time since last request: 12.894663 seconds.
  path: Assets/Texture/wildtextures_mossed-tree-bark-seamless-2k-texture.jpg
  artifactKey: Guid(c6692d8101a1ae1448bba3df489b1db7) Importer(815301076,1909f56bfc062723c751e8b465ee728b)
Start importing Assets/Texture/wildtextures_mossed-tree-bark-seamless-2k-texture.jpg using Guid(c6692d8101a1ae1448bba3df489b1db7) Importer(815301076,1909f56bfc062723c751e8b465ee728b)  -> (artifact id: '9aeb51e67ad4702e3e6a94bd42ede8ad') in 0.059323 seconds 
  Import took 0.064599 seconds .

